2020-12-17 16:12:371 INFO  LoginPage :30 - Verify Login Panel Message [[ChromeDriver: chrome on WINDOWS (8164258b095f5cf26b96e34fb86ee346)] -> xpath: //div[@id='logInPanelHeading']]
2020-12-17 16:12:439 INFO  LoginPage :37 - Enter User Name [[ChromeDriver: chrome on WINDOWS (8164258b095f5cf26b96e34fb86ee346)] -> xpath: //input[@id='txtUsername']]
2020-12-17 16:12:578 INFO  LoginPage :44 - Enter Password [[ChromeDriver: chrome on WINDOWS (8164258b095f5cf26b96e34fb86ee346)] -> xpath: //input[@id='txtPassword']]
2020-12-17 16:12:698 INFO  LoginPage :52 - Click on Login Button [[ChromeDriver: chrome on WINDOWS (8164258b095f5cf26b96e34fb86ee346)] -> xpath: //input[@id='btnLogin']]
2020-12-17 16:12:627 INFO  LoginPage :59 - Verify Welcome Message [[ChromeDriver: chrome on WINDOWS (8164258b095f5cf26b96e34fb86ee346)] -> xpath: //a[@id='welcome']]
2020-12-17 16:12:306 INFO  LoginPage :30 - Verify Login Panel Message [[ChromeDriver: chrome on WINDOWS (b1c04a9e6c90800797859b9c5a6f2be5)] -> xpath: //div[@id='logInPanelHeading']]
2020-12-17 16:12:368 INFO  LoginPage :37 - Enter User Name [[ChromeDriver: chrome on WINDOWS (b1c04a9e6c90800797859b9c5a6f2be5)] -> xpath: //input[@id='txtUsername']]
2020-12-17 16:12:520 INFO  LoginPage :44 - Enter Password [[ChromeDriver: chrome on WINDOWS (b1c04a9e6c90800797859b9c5a6f2be5)] -> xpath: //input[@id='txtPassword']]
2020-12-17 16:12:640 INFO  LoginPage :52 - Click on Login Button [[ChromeDriver: chrome on WINDOWS (b1c04a9e6c90800797859b9c5a6f2be5)] -> xpath: //input[@id='btnLogin']]
2020-12-17 16:12:150 INFO  LoginPage :59 - Verify Welcome Message [[ChromeDriver: chrome on WINDOWS (b1c04a9e6c90800797859b9c5a6f2be5)] -> xpath: //a[@id='welcome']]
2020-12-17 17:12:386 INFO  LoginPage :31 - Verify Login Panel Message [[ChromeDriver: chrome on WINDOWS (552c01da7c59ac1064f94e9c337de2cf)] -> xpath: //div[@id='logInPanelHeading']]
2020-12-17 17:12:448 INFO  LoginPage :38 - Enter User Name [[ChromeDriver: chrome on WINDOWS (552c01da7c59ac1064f94e9c337de2cf)] -> xpath: //input[@id='txtUsername']]
2020-12-17 17:12:585 INFO  LoginPage :45 - Enter Password [[ChromeDriver: chrome on WINDOWS (552c01da7c59ac1064f94e9c337de2cf)] -> xpath: //input[@id='txtPassword']]
2020-12-17 17:12:746 INFO  LoginPage :53 - Click on Login Button [[ChromeDriver: chrome on WINDOWS (552c01da7c59ac1064f94e9c337de2cf)] -> xpath: //input[@id='btnLogin']]
2020-12-17 17:12:878 INFO  LoginPage :60 - Verify Welcome Message [[ChromeDriver: chrome on WINDOWS (552c01da7c59ac1064f94e9c337de2cf)] -> xpath: //a[@id='welcome']]
2020-12-17 17:12:335 INFO  LoginPage :29 - Verify user is on Home Page Proxy element for: DefaultElementLocator 'By.xpath: //a[@id='welcome']'
2020-12-17 17:12:401 INFO  LoginPage :31 - Verify Login Panel Message [[ChromeDriver: chrome on WINDOWS (846ba729f99a3239d857bfdd51a089ce)] -> xpath: //div[@id='logInPanelHeading']]
2020-12-17 17:12:463 INFO  LoginPage :38 - Enter User Name [[ChromeDriver: chrome on WINDOWS (846ba729f99a3239d857bfdd51a089ce)] -> xpath: //input[@id='txtUsername']]
2020-12-17 17:12:616 INFO  LoginPage :45 - Enter Password [[ChromeDriver: chrome on WINDOWS (846ba729f99a3239d857bfdd51a089ce)] -> xpath: //input[@id='txtPassword']]
2020-12-17 17:12:757 INFO  LoginPage :53 - Click on Login Button [[ChromeDriver: chrome on WINDOWS (846ba729f99a3239d857bfdd51a089ce)] -> xpath: //input[@id='btnLogin']]
2020-12-17 17:12:818 INFO  LoginPage :29 - Verify user is on Home Page [[ChromeDriver: chrome on WINDOWS (846ba729f99a3239d857bfdd51a089ce)] -> xpath: //a[@id='welcome']]
2020-12-17 17:12:897 INFO  LoginPage :36 - Clicks on User Link [[ChromeDriver: chrome on WINDOWS (846ba729f99a3239d857bfdd51a089ce)] -> xpath: //a[@id='welcome']]
2020-12-17 17:12:989 INFO  LoginPage :41 - Clicks on Log out Link [[ChromeDriver: chrome on WINDOWS (846ba729f99a3239d857bfdd51a089ce)] -> xpath: //a[contains(text(),'Logout')]]
2020-12-17 17:12:587 INFO  LoginPage :47 - Verify user has Loggged out [[ChromeDriver: chrome on WINDOWS (846ba729f99a3239d857bfdd51a089ce)] -> xpath: //div[@id='logInPanelHeading']]
2020-12-17 17:12:313 INFO  LoginPage :31 - Verify Login Panel Message [[ChromeDriver: chrome on WINDOWS (912a6c33def562804c0cb3d34f681888)] -> xpath: //div[@id='logInPanelHeading']]
2020-12-17 17:12:375 INFO  LoginPage :38 - Enter User Name [[ChromeDriver: chrome on WINDOWS (912a6c33def562804c0cb3d34f681888)] -> xpath: //input[@id='txtUsername']]
2020-12-17 17:12:523 INFO  LoginPage :45 - Enter Password [[ChromeDriver: chrome on WINDOWS (912a6c33def562804c0cb3d34f681888)] -> xpath: //input[@id='txtPassword']]
2020-12-17 17:12:643 INFO  LoginPage :53 - Click on Login Button [[ChromeDriver: chrome on WINDOWS (912a6c33def562804c0cb3d34f681888)] -> xpath: //input[@id='btnLogin']]
2020-12-17 17:12:604 INFO  LoginPage :60 - Verify Welcome Message [[ChromeDriver: chrome on WINDOWS (912a6c33def562804c0cb3d34f681888)] -> xpath: //a[@id='welcome']]
2020-12-17 17:12:325 INFO  LoginPage :31 - Verify Login Panel Message [[ChromeDriver: chrome on WINDOWS (d73445aee90301867b26da16937521cb)] -> xpath: //div[@id='logInPanelHeading']]
2020-12-17 17:12:388 INFO  LoginPage :38 - Enter User Name [[ChromeDriver: chrome on WINDOWS (d73445aee90301867b26da16937521cb)] -> xpath: //input[@id='txtUsername']]
2020-12-17 17:12:538 INFO  LoginPage :45 - Enter Password [[ChromeDriver: chrome on WINDOWS (d73445aee90301867b26da16937521cb)] -> xpath: //input[@id='txtPassword']]
2020-12-17 17:12:674 INFO  LoginPage :53 - Click on Login Button [[ChromeDriver: chrome on WINDOWS (d73445aee90301867b26da16937521cb)] -> xpath: //input[@id='btnLogin']]
2020-12-17 17:12:163 INFO  LoginPage :29 - Verify user is on Home Page [[ChromeDriver: chrome on WINDOWS (d73445aee90301867b26da16937521cb)] -> xpath: //a[@id='welcome']]
2020-12-17 17:12:219 INFO  LoginPage :36 - Clicks on User Link [[ChromeDriver: chrome on WINDOWS (d73445aee90301867b26da16937521cb)] -> xpath: //a[@id='welcome']]
2020-12-17 17:12:318 INFO  LoginPage :41 - Clicks on Log out Link [[ChromeDriver: chrome on WINDOWS (d73445aee90301867b26da16937521cb)] -> xpath: //a[contains(text(),'Logout')]]
2020-12-17 17:12:750 INFO  LoginPage :47 - Verify user has Loggged out [[ChromeDriver: chrome on WINDOWS (d73445aee90301867b26da16937521cb)] -> xpath: //div[@id='logInPanelHeading']]
2020-12-17 17:12:370 INFO  LoginPage :31 - Verify Login Panel Message [[ChromeDriver: chrome on WINDOWS (6e1a75c9b616a316d409f510a8bee2e2)] -> xpath: //div[@id='logInPanelHeading']]
2020-12-17 17:12:433 INFO  LoginPage :38 - Enter User Name [[ChromeDriver: chrome on WINDOWS (6e1a75c9b616a316d409f510a8bee2e2)] -> xpath: //input[@id='txtUsername']]
2020-12-17 17:12:579 INFO  LoginPage :45 - Enter Password [[ChromeDriver: chrome on WINDOWS (6e1a75c9b616a316d409f510a8bee2e2)] -> xpath: //input[@id='txtPassword']]
2020-12-17 17:12:725 INFO  LoginPage :53 - Click on Login Button [[ChromeDriver: chrome on WINDOWS (6e1a75c9b616a316d409f510a8bee2e2)] -> xpath: //input[@id='btnLogin']]
2020-12-17 17:12:775 INFO  LoginPage :60 - Verify Welcome Message [[ChromeDriver: chrome on WINDOWS (6e1a75c9b616a316d409f510a8bee2e2)] -> xpath: //a[@id='welcome']]
2020-12-17 17:12:304 INFO  LoginPage :31 - Verify Login Panel Message [[ChromeDriver: chrome on WINDOWS (09201cf060a5851265de3eec32f5c538)] -> xpath: //div[@id='logInPanelHeading']]
2020-12-17 17:12:367 INFO  LoginPage :38 - Enter User Name [[ChromeDriver: chrome on WINDOWS (09201cf060a5851265de3eec32f5c538)] -> xpath: //input[@id='txtUsername']]
2020-12-17 17:12:523 INFO  LoginPage :45 - Enter Password [[ChromeDriver: chrome on WINDOWS (09201cf060a5851265de3eec32f5c538)] -> xpath: //input[@id='txtPassword']]
2020-12-17 17:12:683 INFO  LoginPage :53 - Click on Login Button [[ChromeDriver: chrome on WINDOWS (09201cf060a5851265de3eec32f5c538)] -> xpath: //input[@id='btnLogin']]
2020-12-17 17:12:851 INFO  LoginPage :29 - Verify user is on Home Page [[ChromeDriver: chrome on WINDOWS (09201cf060a5851265de3eec32f5c538)] -> xpath: //a[@id='welcome']]
2020-12-17 17:12:917 INFO  LoginPage :36 - Clicks on User Link [[ChromeDriver: chrome on WINDOWS (09201cf060a5851265de3eec32f5c538)] -> xpath: //a[@id='welcome']]
2020-12-17 17:12:24 INFO  LoginPage :41 - Clicks on Log out Link [[ChromeDriver: chrome on WINDOWS (09201cf060a5851265de3eec32f5c538)] -> xpath: //a[contains(text(),'Logout')]]
2020-12-17 17:12:556 INFO  LoginPage :47 - Verify user has Loggged out [[ChromeDriver: chrome on WINDOWS (09201cf060a5851265de3eec32f5c538)] -> xpath: //div[@id='logInPanelHeading']]
2020-12-17 17:12:354 INFO  LoginPage :31 - Verify Login Panel Message [[ChromeDriver: chrome on WINDOWS (7953df95fa987a64eab9a741a100159b)] -> xpath: //div[@id='logInPanelHeading']]
2020-12-17 17:12:416 INFO  LoginPage :38 - Enter User Name [[ChromeDriver: chrome on WINDOWS (7953df95fa987a64eab9a741a100159b)] -> xpath: //input[@id='txtUsername']]
2020-12-17 17:12:568 INFO  LoginPage :45 - Enter Password [[ChromeDriver: chrome on WINDOWS (7953df95fa987a64eab9a741a100159b)] -> xpath: //input[@id='txtPassword']]
2020-12-17 17:12:701 INFO  LoginPage :53 - Click on Login Button [[ChromeDriver: chrome on WINDOWS (7953df95fa987a64eab9a741a100159b)] -> xpath: //input[@id='btnLogin']]
2020-12-17 17:12:846 INFO  LoginPage :60 - Verify Welcome Message [[ChromeDriver: chrome on WINDOWS (7953df95fa987a64eab9a741a100159b)] -> xpath: //a[@id='welcome']]
2020-12-17 17:12:309 INFO  LoginPage :31 - Verify Login Panel Message [[ChromeDriver: chrome on WINDOWS (d7357b5f5286770c2e0e6715ea3157be)] -> xpath: //div[@id='logInPanelHeading']]
2020-12-17 17:12:372 INFO  LoginPage :38 - Enter User Name [[ChromeDriver: chrome on WINDOWS (d7357b5f5286770c2e0e6715ea3157be)] -> xpath: //input[@id='txtUsername']]
2020-12-17 17:12:522 INFO  LoginPage :45 - Enter Password [[ChromeDriver: chrome on WINDOWS (d7357b5f5286770c2e0e6715ea3157be)] -> xpath: //input[@id='txtPassword']]
2020-12-17 17:12:666 INFO  LoginPage :53 - Click on Login Button [[ChromeDriver: chrome on WINDOWS (d7357b5f5286770c2e0e6715ea3157be)] -> xpath: //input[@id='btnLogin']]
2020-12-17 17:12:623 INFO  LoginPage :29 - Verify user is on Home Page [[ChromeDriver: chrome on WINDOWS (d7357b5f5286770c2e0e6715ea3157be)] -> xpath: //a[@id='welcome']]
2020-12-17 17:12:691 INFO  LoginPage :36 - Clicks on User Link [[ChromeDriver: chrome on WINDOWS (d7357b5f5286770c2e0e6715ea3157be)] -> xpath: //a[@id='welcome']]
2020-12-17 17:12:792 INFO  LoginPage :41 - Clicks on Log out Link [[ChromeDriver: chrome on WINDOWS (d7357b5f5286770c2e0e6715ea3157be)] -> xpath: //a[contains(text(),'Logout')]]
2020-12-17 17:12:229 INFO  LoginPage :47 - Verify user has Loggged out [[ChromeDriver: chrome on WINDOWS (d7357b5f5286770c2e0e6715ea3157be)] -> xpath: //div[@id='logInPanelHeading']]
2020-12-17 17:12:393 INFO  LoginPage :31 - Verify Login Panel Message [[ChromeDriver: chrome on WINDOWS (55b488628083e813599f1e1d7642a427)] -> xpath: //div[@id='logInPanelHeading']]
2020-12-17 17:12:456 INFO  LoginPage :38 - Enter User Name [[ChromeDriver: chrome on WINDOWS (55b488628083e813599f1e1d7642a427)] -> xpath: //input[@id='txtUsername']]
2020-12-17 17:12:598 INFO  LoginPage :45 - Enter Password [[ChromeDriver: chrome on WINDOWS (55b488628083e813599f1e1d7642a427)] -> xpath: //input[@id='txtPassword']]
2020-12-17 17:12:739 INFO  LoginPage :53 - Click on Login Button [[ChromeDriver: chrome on WINDOWS (55b488628083e813599f1e1d7642a427)] -> xpath: //input[@id='btnLogin']]
2020-12-17 17:12:346 INFO  LoginPage :60 - Verify Welcome Message Proxy element for: DefaultElementLocator 'By.xpath: //a[@id='welcome']'
2020-12-17 17:12:431 INFO  LoginPage :31 - Verify Login Panel Message [[ChromeDriver: chrome on WINDOWS (16bc4f3dbc74a297c38380b8ada0d7dd)] -> xpath: //div[@id='logInPanelHeading']]
2020-12-17 17:12:496 INFO  LoginPage :38 - Enter User Name [[ChromeDriver: chrome on WINDOWS (16bc4f3dbc74a297c38380b8ada0d7dd)] -> xpath: //input[@id='txtUsername']]
2020-12-17 17:12:645 INFO  LoginPage :45 - Enter Password [[ChromeDriver: chrome on WINDOWS (16bc4f3dbc74a297c38380b8ada0d7dd)] -> xpath: //input[@id='txtPassword']]
2020-12-17 17:12:799 INFO  LoginPage :53 - Click on Login Button [[ChromeDriver: chrome on WINDOWS (16bc4f3dbc74a297c38380b8ada0d7dd)] -> xpath: //input[@id='btnLogin']]
2020-12-17 17:12:291 INFO  LoginPage :60 - Verify Welcome Message Proxy element for: DefaultElementLocator 'By.xpath: //a[@id='welcome']'
2020-12-17 17:12:289 INFO  LoginPage :31 - Verify Login Panel Message [[ChromeDriver: chrome on WINDOWS (16ccdf8e2b8102811ba2531af82f91fa)] -> xpath: //div[@id='logInPanelHeading']]
2020-12-17 17:12:352 INFO  LoginPage :38 - Enter User Name [[ChromeDriver: chrome on WINDOWS (16ccdf8e2b8102811ba2531af82f91fa)] -> xpath: //input[@id='txtUsername']]
2020-12-17 17:12:491 INFO  LoginPage :45 - Enter Password [[ChromeDriver: chrome on WINDOWS (16ccdf8e2b8102811ba2531af82f91fa)] -> xpath: //input[@id='txtPassword']]
2020-12-17 17:12:595 INFO  LoginPage :53 - Click on Login Button [[ChromeDriver: chrome on WINDOWS (16ccdf8e2b8102811ba2531af82f91fa)] -> xpath: //input[@id='btnLogin']]
2020-12-17 17:12:27 INFO  LoginPage :60 - Verify Welcome Message Proxy element for: DefaultElementLocator 'By.xpath: //a[@id='welcome']'
2020-12-17 17:12:328 INFO  LoginPage :31 - Verify Login Panel Message [[ChromeDriver: chrome on WINDOWS (dcb404d53cba753104b326fc058d2578)] -> xpath: //div[@id='logInPanelHeading']]
2020-12-17 17:12:392 INFO  LoginPage :38 - Enter User Name [[ChromeDriver: chrome on WINDOWS (dcb404d53cba753104b326fc058d2578)] -> xpath: //input[@id='txtUsername']]
2020-12-17 17:12:528 INFO  LoginPage :45 - Enter Password [[ChromeDriver: chrome on WINDOWS (dcb404d53cba753104b326fc058d2578)] -> xpath: //input[@id='txtPassword']]
2020-12-17 17:12:669 INFO  LoginPage :53 - Click on Login Button [[ChromeDriver: chrome on WINDOWS (dcb404d53cba753104b326fc058d2578)] -> xpath: //input[@id='btnLogin']]
2020-12-17 17:12:252 INFO  LoginPage :60 - Verify Welcome Message Proxy element for: DefaultElementLocator 'By.xpath: //a[@id='welcome']'
2020-12-17 17:12:377 INFO  LoginPage :31 - Verify Login Panel Message [[ChromeDriver: chrome on WINDOWS (2c872a76cb2532044384b55646c3711a)] -> xpath: //div[@id='logInPanelHeading']]
2020-12-17 17:12:432 INFO  LoginPage :38 - Enter User Name [[ChromeDriver: chrome on WINDOWS (2c872a76cb2532044384b55646c3711a)] -> xpath: //input[@id='txtUsername']]
2020-12-17 17:12:590 INFO  LoginPage :45 - Enter Password [[ChromeDriver: chrome on WINDOWS (2c872a76cb2532044384b55646c3711a)] -> xpath: //input[@id='txtPassword']]
2020-12-17 17:12:726 INFO  LoginPage :53 - Click on Login Button [[ChromeDriver: chrome on WINDOWS (2c872a76cb2532044384b55646c3711a)] -> xpath: //input[@id='btnLogin']]
2020-12-17 17:12:99 INFO  LoginPage :29 - Verify user is on Home Page [[ChromeDriver: chrome on WINDOWS (2c872a76cb2532044384b55646c3711a)] -> xpath: //a[@id='welcome']]
2020-12-17 17:12:166 INFO  LoginPage :36 - Clicks on User Link [[ChromeDriver: chrome on WINDOWS (2c872a76cb2532044384b55646c3711a)] -> xpath: //a[@id='welcome']]
2020-12-17 17:12:266 INFO  LoginPage :41 - Clicks on Log out Link [[ChromeDriver: chrome on WINDOWS (2c872a76cb2532044384b55646c3711a)] -> xpath: //a[contains(text(),'Logout')]]
2020-12-17 20:12:481 INFO  LoginPage :31 - Verify Login Panel Message [[ChromeDriver: chrome on WINDOWS (2fcc15883858b9c722ad309a892739f8)] -> xpath: //div[@id='logInPanelHeading']]
2020-12-17 20:12:353 INFO  LoginPage :31 - Verify Login Panel Message [[ChromeDriver: chrome on WINDOWS (173615512abe36a70f3fee9bbd2c009f)] -> xpath: //div[@id='logInPanelHeading']]
2020-12-17 20:12:401 INFO  LoginPage :38 - Enter User Name [[ChromeDriver: chrome on WINDOWS (173615512abe36a70f3fee9bbd2c009f)] -> xpath: //input[@id='txtUsername']]
2020-12-17 20:12:516 INFO  LoginPage :45 - Enter Password [[ChromeDriver: chrome on WINDOWS (173615512abe36a70f3fee9bbd2c009f)] -> xpath: //input[@id='txtPassword']]
2020-12-17 20:12:625 INFO  LoginPage :53 - Click on Login Button [[ChromeDriver: chrome on WINDOWS (173615512abe36a70f3fee9bbd2c009f)] -> xpath: //input[@id='btnLogin']]
2020-12-17 20:12:372 INFO  LoginPage :60 - Verify Welcome Message [[ChromeDriver: chrome on WINDOWS (173615512abe36a70f3fee9bbd2c009f)] -> xpath: //a[@id='welcome']]
2020-12-17 20:12:474 INFO  LoginPage :31 - Verify Login Panel Message [[ChromeDriver: chrome on WINDOWS (e83c0feb44f79c417e6dcad1852a41ac)] -> xpath: //div[@id='logInPanelHeading']]
2020-12-17 20:12:520 INFO  LoginPage :38 - Enter User Name [[ChromeDriver: chrome on WINDOWS (e83c0feb44f79c417e6dcad1852a41ac)] -> xpath: //input[@id='txtUsername']]
2020-12-17 20:12:607 INFO  LoginPage :45 - Enter Password [[ChromeDriver: chrome on WINDOWS (e83c0feb44f79c417e6dcad1852a41ac)] -> xpath: //input[@id='txtPassword']]
2020-12-17 20:12:696 INFO  LoginPage :53 - Click on Login Button [[ChromeDriver: chrome on WINDOWS (e83c0feb44f79c417e6dcad1852a41ac)] -> xpath: //input[@id='btnLogin']]
2020-12-17 20:12:889 INFO  LoginPage :60 - Verify Welcome Message [[ChromeDriver: chrome on WINDOWS (e83c0feb44f79c417e6dcad1852a41ac)] -> xpath: //a[@id='welcome']]
